d:\github\navigationmeshgeneration\_framework\source\tempfiles\debug\gpp_framework.pch
d:\github\navigationmeshgeneration\_framework\source\tempfiles\debug\vc142.pdb
d:\github\navigationmeshgeneration\_framework\source\tempfiles\debug\vc142.idb
d:\github\navigationmeshgeneration\_framework\source\tempfiles\debug\stdafx.obj
d:\github\navigationmeshgeneration\_framework\source\tempfiles\debug\erenderingtypes.obj
d:\github\navigationmeshgeneration\_framework\source\tempfiles\debug\ecamera2d.obj
d:\github\navigationmeshgeneration\_framework\source\tempfiles\debug\ephysicsworldbox2d.obj
d:\github\navigationmeshgeneration\_framework\source\tempfiles\debug\erigidbodybox2d.obj
d:\github\navigationmeshgeneration\_framework\source\tempfiles\debug\ematrix2x3.obj
d:\github\navigationmeshgeneration\_framework\source\tempfiles\debug\einputmanager.obj
d:\github\navigationmeshgeneration\_framework\source\tempfiles\debug\egeometry2dtypes.obj
d:\github\navigationmeshgeneration\_framework\source\tempfiles\debug\enavgraph.obj
d:\github\navigationmeshgeneration\_framework\source\tempfiles\debug\egraphrenderer.obj
d:\github\navigationmeshgeneration\_framework\source\tempfiles\debug\egrapheditor.obj
d:\github\navigationmeshgeneration\_framework\source\tempfiles\debug\einfluencemap.obj
d:\github\navigationmeshgeneration\_framework\source\tempfiles\debug\egraphnodetypes.obj
d:\github\navigationmeshgeneration\_framework\source\tempfiles\debug\egraphconnectiontypes.obj
d:\github\navigationmeshgeneration\_framework\source\tempfiles\debug\efinitestatemachine.obj
d:\github\navigationmeshgeneration\_framework\source\tempfiles\debug\ebehaviortree.obj
d:\github\navigationmeshgeneration\_framework\source\tempfiles\debug\app_navigationmeshgeneration.obj
d:\github\navigationmeshgeneration\_framework\source\tempfiles\debug\helperstructs.obj
d:\github\navigationmeshgeneration\_framework\source\tempfiles\debug\navmeshgeneration.obj
d:\github\navigationmeshgeneration\_framework\source\tempfiles\debug\navmesh.obj
d:\github\navigationmeshgeneration\_framework\source\tempfiles\debug\sdldebugrenderer2d.obj
d:\github\navigationmeshgeneration\_framework\source\tempfiles\debug\navigationcolliderelement.obj
d:\github\navigationmeshgeneration\_framework\source\tempfiles\debug\gl3w.obj
d:\github\navigationmeshgeneration\_framework\source\tempfiles\debug\sdlwindow.obj
d:\github\navigationmeshgeneration\_framework\source\tempfiles\debug\eimmediateui.obj
d:\github\navigationmeshgeneration\_framework\source\tempfiles\debug\etimer_sdl.obj
d:\github\navigationmeshgeneration\_framework\source\tempfiles\debug\sdlframe.obj
d:\github\navigationmeshgeneration\_framework\source\tempfiles\debug\gpp_framework.tlog\cl.command.1.tlog
d:\github\navigationmeshgeneration\_framework\source\tempfiles\debug\gpp_framework.tlog\cl.read.1.tlog
d:\github\navigationmeshgeneration\_framework\source\tempfiles\debug\gpp_framework.tlog\cl.write.1.tlog
